<?xml version="1.0" encoding="UTF-8"?>
<coverage generated="1658477624021" clover="3.2.0">
  <project timestamp="1658477624021" name="All files">
    <metrics statements="12" coveredstatements="6" conditionals="6" coveredconditionals="4" methods="5" coveredmethods="1" elements="23" coveredelements="11" complexity="0" loc="12" ncloc="12" packages="1" files="1" classes="1"/>
    <file name="MVVM.js" path="D:\NeiJuan\Grade two\second\summer\MVVMForBaidu\MVVM.js">
      <metrics statements="12" coveredstatements="6" conditionals="6" coveredconditionals="4" methods="5" coveredmethods="1"/>
      <line num="6" count="1" type="stmt"/>
      <line num="7" count="1" type="stmt"/>
      <line num="10" count="1" type="cond" truecount="1" falsecount="1"/>
      <line num="12" count="1" type="stmt"/>
      <line num="14" count="0" type="stmt"/>
      <line num="16" count="0" type="stmt"/>
      <line num="21" count="0" type="stmt"/>
      <line num="22" count="0" type="stmt"/>
      <line num="24" count="0" type="stmt"/>
      <line num="27" count="0" type="stmt"/>
      <line num="36" count="1" type="cond" truecount="3" falsecount="1"/>
      <line num="37" count="1" type="stmt"/>
    </file>
  </project>
</coverage>
