{"D:\\NeiJuan\\Grade two\\second\\summer\\MVVMForBaidu\\MVVM.js": {"path":"D:\\NeiJuan\\Grade two\\second\\summer\\MVVMForBaidu\\MVVM.js","statementMap":{"0":{"start":{"line":1,"column":18},"end":{"line":1,"column":38}},"1":{"start":{"line":2,"column":19},"end":{"line":2,"column":40}},"2":{"start":{"line":6,"column":8},"end":{"line":6,"column":30}},"3":{"start":{"line":7,"column":8},"end":{"line":7,"column":34}},"4":{"start":{"line":10,"column":8},"end":{"line":17,"column":9}},"5":{"start":{"line":12,"column":12},"end":{"line":12,"column":37}},"6":{"start":{"line":14,"column":12},"end":{"line":14,"column":38}},"7":{"start":{"line":16,"column":12},"end":{"line":16,"column":40}},"8":{"start":{"line":21,"column":8},"end":{"line":30,"column":10}},"9":{"start":{"line":22,"column":12},"end":{"line":29,"column":14}},"10":{"start":{"line":24,"column":20},"end":{"line":24,"column":36}},"11":{"start":{"line":27,"column":20},"end":{"line":27,"column":40}},"12":{"start":{"line":36,"column":0},"end":{"line":38,"column":1}}},"fnMap":{"0":{"name":"(anonymous_0)","decl":{"start":{"line":4,"column":4},"end":{"line":4,"column":5}},"loc":{"start":{"line":4,"column":25},"end":{"line":18,"column":5}},"line":4},"1":{"name":"(anonymous_1)","decl":{"start":{"line":20,"column":4},"end":{"line":20,"column":5}},"loc":{"start":{"line":20,"column":19},"end":{"line":31,"column":5}},"line":20},"2":{"name":"(anonymous_2)","decl":{"start":{"line":21,"column":34},"end":{"line":21,"column":35}},"loc":{"start":{"line":21,"column":39},"end":{"line":30,"column":9}},"line":21},"3":{"name":"(anonymous_3)","decl":{"start":{"line":23,"column":16},"end":{"line":23,"column":17}},"loc":{"start":{"line":23,"column":21},"end":{"line":25,"column":17}},"line":23},"4":{"name":"(anonymous_4)","decl":{"start":{"line":26,"column":16},"end":{"line":26,"column":17}},"loc":{"start":{"line":26,"column":29},"end":{"line":28,"column":17}},"line":26}},"branchMap":{"0":{"loc":{"start":{"line":10,"column":8},"end":{"line":17,"column":9}},"type":"if","locations":[{"start":{"line":10,"column":8},"end":{"line":17,"column":9}},{"start":{},"end":{}}],"line":10}},"s":{"0":1,"1":1,"2":1,"3":1,"4":1,"5":1,"6":1,"7":1,"8":1,"9":2,"10":0,"11":0,"12":1},"f":{"0":1,"1":1,"2":2,"3":0,"4":0},"b":{"0":[1,0]},"_coverageSchema":"1a1c01bbd47fc00a2c39e90264f33305004495a9","hash":"aadb0daea09e0e44b3b5d597d2091256926c4326"}
,"D:\\NeiJuan\\Grade two\\second\\summer\\MVVMForBaidu\\compile.js": {"path":"D:\\NeiJuan\\Grade two\\second\\summer\\MVVMForBaidu\\compile.js","statementMap":{"0":{"start":{"line":1,"column":18},"end":{"line":1,"column":38}},"1":{"start":{"line":4,"column":8},"end":{"line":4,"column":75}},"2":{"start":{"line":5,"column":8},"end":{"line":5,"column":21}},"3":{"start":{"line":7,"column":8},"end":{"line":15,"column":9}},"4":{"start":{"line":10,"column":27},"end":{"line":10,"column":55}},"5":{"start":{"line":12,"column":12},"end":{"line":12,"column":35}},"6":{"start":{"line":14,"column":12},"end":{"line":14,"column":42}},"7":{"start":{"line":22,"column":8},"end":{"line":22,"column":35}},"8":{"start":{"line":26,"column":8},"end":{"line":26,"column":35}},"9":{"start":{"line":32,"column":23},"end":{"line":32,"column":56}},"10":{"start":{"line":34,"column":8},"end":{"line":36,"column":9}},"11":{"start":{"line":35,"column":12},"end":{"line":35,"column":45}},"12":{"start":{"line":37,"column":8},"end":{"line":37,"column":24}},"13":{"start":{"line":42,"column":25},"end":{"line":42,"column":44}},"14":{"start":{"line":43,"column":8},"end":{"line":52,"column":10}},"15":{"start":{"line":44,"column":12},"end":{"line":51,"column":13}},"16":{"start":{"line":46,"column":16},"end":{"line":46,"column":42}},"17":{"start":{"line":47,"column":16},"end":{"line":47,"column":34}},"18":{"start":{"line":50,"column":16},"end":{"line":50,"column":38}},"19":{"start":{"line":57,"column":20},"end":{"line":57,"column":35}},"20":{"start":{"line":58,"column":8},"end":{"line":68,"column":10}},"21":{"start":{"line":60,"column":27},"end":{"line":60,"column":36}},"22":{"start":{"line":61,"column":12},"end":{"line":67,"column":13}},"23":{"start":{"line":63,"column":27},"end":{"line":63,"column":37}},"24":{"start":{"line":64,"column":27},"end":{"line":64,"column":55}},"25":{"start":{"line":66,"column":16},"end":{"line":66,"column":52}},"26":{"start":{"line":73,"column":19},"end":{"line":73,"column":35}},"27":{"start":{"line":74,"column":18},"end":{"line":74,"column":36}},"28":{"start":{"line":75,"column":8},"end":{"line":77,"column":9}},"29":{"start":{"line":76,"column":12},"end":{"line":76,"column":51}},"30":{"start":{"line":82,"column":0},"end":{"line":149,"column":1}},"31":{"start":{"line":84,"column":8},"end":{"line":84,"column":31}},"32":{"start":{"line":85,"column":8},"end":{"line":87,"column":19}},"33":{"start":{"line":86,"column":12},"end":{"line":86,"column":30}},"34":{"start":{"line":90,"column":23},"end":{"line":90,"column":50}},"35":{"start":{"line":92,"column":20},"end":{"line":94,"column":10}},"36":{"start":{"line":93,"column":12},"end":{"line":93,"column":43}},"37":{"start":{"line":95,"column":8},"end":{"line":102,"column":10}},"38":{"start":{"line":96,"column":12},"end":{"line":101,"column":14}},"39":{"start":{"line":98,"column":16},"end":{"line":100,"column":20}},"40":{"start":{"line":99,"column":20},"end":{"line":99,"column":51}},"41":{"start":{"line":103,"column":8},"end":{"line":103,"column":41}},"42":{"start":{"line":106,"column":8},"end":{"line":106,"column":31}},"43":{"start":{"line":108,"column":8},"end":{"line":113,"column":19}},"44":{"start":{"line":109,"column":12},"end":{"line":111,"column":13}},"45":{"start":{"line":110,"column":16},"end":{"line":110,"column":42}},"46":{"start":{"line":112,"column":12},"end":{"line":112,"column":30}},"47":{"start":{"line":116,"column":23},"end":{"line":116,"column":51}},"48":{"start":{"line":118,"column":8},"end":{"line":121,"column":10}},"49":{"start":{"line":120,"column":12},"end":{"line":120,"column":59}},"50":{"start":{"line":122,"column":8},"end":{"line":125,"column":10}},"51":{"start":{"line":123,"column":27},"end":{"line":123,"column":41}},"52":{"start":{"line":124,"column":12},"end":{"line":124,"column":41}},"53":{"start":{"line":126,"column":8},"end":{"line":126,"column":55}},"54":{"start":{"line":129,"column":23},"end":{"line":129,"column":50}},"55":{"start":{"line":130,"column":8},"end":{"line":132,"column":10}},"56":{"start":{"line":131,"column":12},"end":{"line":131,"column":59}},"57":{"start":{"line":133,"column":8},"end":{"line":133,"column":55}},"58":{"start":{"line":138,"column":12},"end":{"line":138,"column":36}},"59":{"start":{"line":142,"column":12},"end":{"line":142,"column":30}},"60":{"start":{"line":146,"column":12},"end":{"line":146,"column":30}},"61":{"start":{"line":151,"column":0},"end":{"line":159,"column":1}},"62":{"start":{"line":154,"column":8},"end":{"line":154,"column":35}},"63":{"start":{"line":157,"column":8},"end":{"line":157,"column":35}}},"fnMap":{"0":{"name":"(anonymous_0)","decl":{"start":{"line":3,"column":4},"end":{"line":3,"column":5}},"loc":{"start":{"line":3,"column":23},"end":{"line":16,"column":5}},"line":3},"1":{"name":"(anonymous_1)","decl":{"start":{"line":21,"column":4},"end":{"line":21,"column":5}},"loc":{"start":{"line":21,"column":23},"end":{"line":23,"column":5}},"line":21},"2":{"name":"(anonymous_2)","decl":{"start":{"line":25,"column":4},"end":{"line":25,"column":5}},"loc":{"start":{"line":25,"column":21},"end":{"line":27,"column":5}},"line":25},"3":{"name":"(anonymous_3)","decl":{"start":{"line":31,"column":4},"end":{"line":31,"column":5}},"loc":{"start":{"line":31,"column":22},"end":{"line":38,"column":5}},"line":31},"4":{"name":"(anonymous_4)","decl":{"start":{"line":40,"column":4},"end":{"line":40,"column":5}},"loc":{"start":{"line":40,"column":21},"end":{"line":53,"column":5}},"line":40},"5":{"name":"(anonymous_5)","decl":{"start":{"line":43,"column":39},"end":{"line":43,"column":40}},"loc":{"start":{"line":43,"column":45},"end":{"line":52,"column":9}},"line":43},"6":{"name":"(anonymous_6)","decl":{"start":{"line":55,"column":4},"end":{"line":55,"column":5}},"loc":{"start":{"line":55,"column":24},"end":{"line":69,"column":5}},"line":55},"7":{"name":"(anonymous_7)","decl":{"start":{"line":58,"column":34},"end":{"line":58,"column":35}},"loc":{"start":{"line":58,"column":40},"end":{"line":68,"column":9}},"line":58},"8":{"name":"(anonymous_8)","decl":{"start":{"line":71,"column":4},"end":{"line":71,"column":5}},"loc":{"start":{"line":71,"column":21},"end":{"line":78,"column":5}},"line":71},"9":{"name":"(anonymous_9)","decl":{"start":{"line":83,"column":4},"end":{"line":83,"column":5}},"loc":{"start":{"line":83,"column":19},"end":{"line":88,"column":5}},"line":83},"10":{"name":"(anonymous_10)","decl":{"start":{"line":85,"column":27},"end":{"line":85,"column":28}},"loc":{"start":{"line":85,"column":40},"end":{"line":87,"column":9}},"line":85},"11":{"name":"(anonymous_11)","decl":{"start":{"line":89,"column":4},"end":{"line":89,"column":5}},"loc":{"start":{"line":89,"column":24},"end":{"line":104,"column":5}},"line":89},"12":{"name":"(anonymous_12)","decl":{"start":{"line":92,"column":52},"end":{"line":92,"column":53}},"loc":{"start":{"line":92,"column":63},"end":{"line":94,"column":9}},"line":92},"13":{"name":"(anonymous_13)","decl":{"start":{"line":95,"column":40},"end":{"line":95,"column":41}},"loc":{"start":{"line":95,"column":51},"end":{"line":102,"column":9}},"line":95},"14":{"name":"(anonymous_14)","decl":{"start":{"line":96,"column":35},"end":{"line":96,"column":36}},"loc":{"start":{"line":96,"column":47},"end":{"line":101,"column":13}},"line":96},"15":{"name":"(anonymous_15)","decl":{"start":{"line":98,"column":74},"end":{"line":98,"column":75}},"loc":{"start":{"line":98,"column":85},"end":{"line":100,"column":17}},"line":98},"16":{"name":"(anonymous_16)","decl":{"start":{"line":105,"column":4},"end":{"line":105,"column":5}},"loc":{"start":{"line":105,"column":25},"end":{"line":114,"column":5}},"line":105},"17":{"name":"(anonymous_17)","decl":{"start":{"line":108,"column":27},"end":{"line":108,"column":28}},"loc":{"start":{"line":108,"column":52},"end":{"line":113,"column":9}},"line":108},"18":{"name":"(anonymous_18)","decl":{"start":{"line":115,"column":4},"end":{"line":115,"column":5}},"loc":{"start":{"line":115,"column":23},"end":{"line":127,"column":5}},"line":115},"19":{"name":"(anonymous_19)","decl":{"start":{"line":118,"column":28},"end":{"line":118,"column":29}},"loc":{"start":{"line":118,"column":40},"end":{"line":121,"column":9}},"line":118},"20":{"name":"(anonymous_20)","decl":{"start":{"line":122,"column":38},"end":{"line":122,"column":39}},"loc":{"start":{"line":122,"column":43},"end":{"line":125,"column":9}},"line":122},"21":{"name":"(anonymous_21)","decl":{"start":{"line":128,"column":4},"end":{"line":128,"column":5}},"loc":{"start":{"line":128,"column":22},"end":{"line":134,"column":5}},"line":128},"22":{"name":"(anonymous_22)","decl":{"start":{"line":130,"column":28},"end":{"line":130,"column":29}},"loc":{"start":{"line":130,"column":32},"end":{"line":132,"column":9}},"line":130},"23":{"name":"(anonymous_23)","decl":{"start":{"line":137,"column":8},"end":{"line":137,"column":9}},"loc":{"start":{"line":137,"column":31},"end":{"line":139,"column":9}},"line":137},"24":{"name":"(anonymous_24)","decl":{"start":{"line":141,"column":8},"end":{"line":141,"column":9}},"loc":{"start":{"line":141,"column":33},"end":{"line":143,"column":9}},"line":141},"25":{"name":"(anonymous_25)","decl":{"start":{"line":145,"column":8},"end":{"line":145,"column":9}},"loc":{"start":{"line":145,"column":31},"end":{"line":147,"column":9}},"line":145},"26":{"name":"(anonymous_26)","decl":{"start":{"line":153,"column":4},"end":{"line":153,"column":5}},"loc":{"start":{"line":153,"column":23},"end":{"line":155,"column":5}},"line":153},"27":{"name":"(anonymous_27)","decl":{"start":{"line":156,"column":4},"end":{"line":156,"column":5}},"loc":{"start":{"line":156,"column":21},"end":{"line":158,"column":5}},"line":156}},"branchMap":{"0":{"loc":{"start":{"line":4,"column":18},"end":{"line":4,"column":74}},"type":"cond-expr","locations":[{"start":{"line":4,"column":43},"end":{"line":4,"column":45}},{"start":{"line":4,"column":48},"end":{"line":4,"column":74}}],"line":4},"1":{"loc":{"start":{"line":7,"column":8},"end":{"line":15,"column":9}},"type":"if","locations":[{"start":{"line":7,"column":8},"end":{"line":15,"column":9}},{"start":{},"end":{}}],"line":7},"2":{"loc":{"start":{"line":44,"column":12},"end":{"line":51,"column":13}},"type":"if","locations":[{"start":{"line":44,"column":12},"end":{"line":51,"column":13}},{"start":{"line":48,"column":17},"end":{"line":51,"column":13}}],"line":44},"3":{"loc":{"start":{"line":61,"column":12},"end":{"line":67,"column":13}},"type":"if","locations":[{"start":{"line":61,"column":12},"end":{"line":67,"column":13}},{"start":{},"end":{}}],"line":61},"4":{"loc":{"start":{"line":75,"column":8},"end":{"line":77,"column":9}},"type":"if","locations":[{"start":{"line":75,"column":8},"end":{"line":77,"column":9}},{"start":{},"end":{}}],"line":75},"5":{"loc":{"start":{"line":98,"column":16},"end":{"line":100,"column":19}},"type":"binary-expr","locations":[{"start":{"line":98,"column":16},"end":{"line":98,"column":24}},{"start":{"line":98,"column":28},"end":{"line":100,"column":19}}],"line":98},"6":{"loc":{"start":{"line":103,"column":8},"end":{"line":103,"column":40}},"type":"binary-expr","locations":[{"start":{"line":103,"column":8},"end":{"line":103,"column":16}},{"start":{"line":103,"column":20},"end":{"line":103,"column":40}}],"line":103},"7":{"loc":{"start":{"line":109,"column":12},"end":{"line":111,"column":13}},"type":"if","locations":[{"start":{"line":109,"column":12},"end":{"line":111,"column":13}},{"start":{},"end":{}}],"line":109},"8":{"loc":{"start":{"line":120,"column":12},"end":{"line":120,"column":59}},"type":"binary-expr","locations":[{"start":{"line":120,"column":12},"end":{"line":120,"column":20}},{"start":{"line":120,"column":24},"end":{"line":120,"column":59}}],"line":120},"9":{"loc":{"start":{"line":126,"column":8},"end":{"line":126,"column":55}},"type":"binary-expr","locations":[{"start":{"line":126,"column":8},"end":{"line":126,"column":16}},{"start":{"line":126,"column":20},"end":{"line":126,"column":55}}],"line":126},"10":{"loc":{"start":{"line":131,"column":12},"end":{"line":131,"column":59}},"type":"binary-expr","locations":[{"start":{"line":131,"column":12},"end":{"line":131,"column":20}},{"start":{"line":131,"column":24},"end":{"line":131,"column":59}}],"line":131},"11":{"loc":{"start":{"line":133,"column":8},"end":{"line":133,"column":55}},"type":"binary-expr","locations":[{"start":{"line":133,"column":8},"end":{"line":133,"column":16}},{"start":{"line":133,"column":20},"end":{"line":133,"column":55}}],"line":133}},"s":{"0":2,"1":1,"2":1,"3":1,"4":0,"5":0,"6":0,"7":1,"8":0,"9":0,"10":0,"11":0,"12":0,"13":0,"14":0,"15":0,"16":0,"17":0,"18":0,"19":0,"20":0,"21":0,"22":0,"23":0,"24":0,"25":0,"26":0,"27":0,"28":0,"29":0,"30":2,"31":0,"32":0,"33":0,"34":0,"35":0,"36":0,"37":0,"38":0,"39":0,"40":0,"41":0,"42":0,"43":0,"44":0,"45":0,"46":0,"47":0,"48":0,"49":0,"50":0,"51":0,"52":0,"53":0,"54":0,"55":0,"56":0,"57":0,"58":0,"59":0,"60":0,"61":2,"62":1,"63":1},"f":{"0":1,"1":1,"2":0,"3":0,"4":0,"5":0,"6":0,"7":0,"8":0,"9":0,"10":0,"11":0,"12":0,"13":0,"14":0,"15":0,"16":0,"17":0,"18":0,"19":0,"20":0,"21":0,"22":0,"23":0,"24":0,"25":0,"26":1,"27":1},"b":{"0":[0,1],"1":[0,1],"2":[0,0],"3":[0,0],"4":[0,0],"5":[0,0],"6":[0,0],"7":[0,0],"8":[0,0],"9":[0,0],"10":[0,0],"11":[0,0]},"_coverageSchema":"1a1c01bbd47fc00a2c39e90264f33305004495a9","hash":"95f2e61a4a62b7590a5be0b0ac965b7fe1ccca0c"}
,"D:\\NeiJuan\\Grade two\\second\\summer\\MVVMForBaidu\\observer.js": {"path":"D:\\NeiJuan\\Grade two\\second\\summer\\MVVMForBaidu\\observer.js","statementMap":{"0":{"start":{"line":3,"column":8},"end":{"line":3,"column":27}},"1":{"start":{"line":7,"column":8},"end":{"line":9,"column":9}},"2":{"start":{"line":8,"column":12},"end":{"line":8,"column":19}},"3":{"start":{"line":11,"column":8},"end":{"line":15,"column":11}},"4":{"start":{"line":13,"column":12},"end":{"line":13,"column":52}},"5":{"start":{"line":14,"column":12},"end":{"line":14,"column":35}},"6":{"start":{"line":20,"column":19},"end":{"line":20,"column":23}},"7":{"start":{"line":21,"column":18},"end":{"line":21,"column":27}},"8":{"start":{"line":22,"column":8},"end":{"line":34,"column":10}},"9":{"start":{"line":26,"column":16},"end":{"line":26,"column":52}},"10":{"start":{"line":27,"column":16},"end":{"line":27,"column":29}},"11":{"start":{"line":30,"column":16},"end":{"line":30,"column":39}},"12":{"start":{"line":31,"column":16},"end":{"line":31,"column":33}},"13":{"start":{"line":32,"column":16},"end":{"line":32,"column":29}},"14":{"start":{"line":41,"column":8},"end":{"line":41,"column":22}},"15":{"start":{"line":46,"column":8},"end":{"line":46,"column":32}},"16":{"start":{"line":50,"column":8},"end":{"line":50,"column":52}},"17":{"start":{"line":50,"column":35},"end":{"line":50,"column":51}},"18":{"start":{"line":54,"column":0},"end":{"line":63,"column":1}},"19":{"start":{"line":58,"column":8},"end":{"line":58,"column":32}},"20":{"start":{"line":61,"column":8},"end":{"line":61,"column":52}},"21":{"start":{"line":61,"column":35},"end":{"line":61,"column":51}}},"fnMap":{"0":{"name":"(anonymous_0)","decl":{"start":{"line":2,"column":4},"end":{"line":2,"column":5}},"loc":{"start":{"line":2,"column":22},"end":{"line":4,"column":5}},"line":2},"1":{"name":"(anonymous_1)","decl":{"start":{"line":5,"column":4},"end":{"line":5,"column":5}},"loc":{"start":{"line":5,"column":17},"end":{"line":16,"column":5}},"line":5},"2":{"name":"(anonymous_2)","decl":{"start":{"line":11,"column":34},"end":{"line":11,"column":35}},"loc":{"start":{"line":11,"column":39},"end":{"line":15,"column":9}},"line":11},"3":{"name":"(anonymous_3)","decl":{"start":{"line":19,"column":4},"end":{"line":19,"column":5}},"loc":{"start":{"line":19,"column":33},"end":{"line":35,"column":5}},"line":19},"4":{"name":"(anonymous_4)","decl":{"start":{"line":25,"column":12},"end":{"line":25,"column":13}},"loc":{"start":{"line":25,"column":17},"end":{"line":28,"column":13}},"line":25},"5":{"name":"(anonymous_5)","decl":{"start":{"line":29,"column":12},"end":{"line":29,"column":13}},"loc":{"start":{"line":29,"column":25},"end":{"line":33,"column":13}},"line":29},"6":{"name":"(anonymous_6)","decl":{"start":{"line":39,"column":4},"end":{"line":39,"column":5}},"loc":{"start":{"line":39,"column":18},"end":{"line":42,"column":5}},"line":39},"7":{"name":"(anonymous_7)","decl":{"start":{"line":45,"column":4},"end":{"line":45,"column":5}},"loc":{"start":{"line":45,"column":19},"end":{"line":47,"column":5}},"line":45},"8":{"name":"(anonymous_8)","decl":{"start":{"line":49,"column":4},"end":{"line":49,"column":5}},"loc":{"start":{"line":49,"column":12},"end":{"line":51,"column":5}},"line":49},"9":{"name":"(anonymous_9)","decl":{"start":{"line":50,"column":26},"end":{"line":50,"column":27}},"loc":{"start":{"line":50,"column":35},"end":{"line":50,"column":51}},"line":50},"10":{"name":"(anonymous_10)","decl":{"start":{"line":57,"column":4},"end":{"line":57,"column":5}},"loc":{"start":{"line":57,"column":19},"end":{"line":59,"column":5}},"line":57},"11":{"name":"(anonymous_11)","decl":{"start":{"line":60,"column":4},"end":{"line":60,"column":5}},"loc":{"start":{"line":60,"column":12},"end":{"line":62,"column":5}},"line":60},"12":{"name":"(anonymous_12)","decl":{"start":{"line":61,"column":26},"end":{"line":61,"column":27}},"loc":{"start":{"line":61,"column":35},"end":{"line":61,"column":51}},"line":61}},"branchMap":{"0":{"loc":{"start":{"line":7,"column":8},"end":{"line":9,"column":9}},"type":"if","locations":[{"start":{"line":7,"column":8},"end":{"line":9,"column":9}},{"start":{},"end":{}}],"line":7},"1":{"loc":{"start":{"line":7,"column":11},"end":{"line":7,"column":44}},"type":"binary-expr","locations":[{"start":{"line":7,"column":11},"end":{"line":7,"column":16}},{"start":{"line":7,"column":20},"end":{"line":7,"column":44}}],"line":7},"2":{"loc":{"start":{"line":26,"column":16},"end":{"line":26,"column":52}},"type":"binary-expr","locations":[{"start":{"line":26,"column":16},"end":{"line":26,"column":26}},{"start":{"line":26,"column":30},"end":{"line":26,"column":52}}],"line":26}},"s":{"0":1,"1":3,"2":2,"3":1,"4":2,"5":2,"6":2,"7":2,"8":2,"9":2,"10":2,"11":0,"12":0,"13":0,"14":2,"15":0,"16":0,"17":0,"18":4,"19":0,"20":0,"21":0},"f":{"0":1,"1":3,"2":2,"3":2,"4":2,"5":0,"6":2,"7":0,"8":0,"9":0,"10":0,"11":0,"12":0},"b":{"0":[2,1],"1":[3,1],"2":[2,0]},"_coverageSchema":"1a1c01bbd47fc00a2c39e90264f33305004495a9","hash":"142574f9ac0c9ddfd29bb17083d1333da9078ab5"}
,"D:\\NeiJuan\\Grade two\\second\\summer\\MVVMForBaidu\\watcher.js": {"path":"D:\\NeiJuan\\Grade two\\second\\summer\\MVVMForBaidu\\watcher.js","statementMap":{"0":{"start":{"line":2,"column":14},"end":{"line":2,"column":35}},"1":{"start":{"line":5,"column":8},"end":{"line":5,"column":21}},"2":{"start":{"line":6,"column":8},"end":{"line":6,"column":25}},"3":{"start":{"line":7,"column":8},"end":{"line":7,"column":21}},"4":{"start":{"line":10,"column":8},"end":{"line":10,"column":32}},"5":{"start":{"line":14,"column":8},"end":{"line":14,"column":31}},"6":{"start":{"line":15,"column":8},"end":{"line":17,"column":19}},"7":{"start":{"line":16,"column":12},"end":{"line":16,"column":30}},"8":{"start":{"line":21,"column":8},"end":{"line":21,"column":26}},"9":{"start":{"line":22,"column":20},"end":{"line":22,"column":50}},"10":{"start":{"line":23,"column":8},"end":{"line":23,"column":26}},"11":{"start":{"line":24,"column":8},"end":{"line":24,"column":21}},"12":{"start":{"line":28,"column":23},"end":{"line":28,"column":53}},"13":{"start":{"line":29,"column":23},"end":{"line":29,"column":33}},"14":{"start":{"line":31,"column":8},"end":{"line":33,"column":9}},"15":{"start":{"line":32,"column":12},"end":{"line":32,"column":29}},"16":{"start":{"line":37,"column":0},"end":{"line":59,"column":1}},"17":{"start":{"line":40,"column":8},"end":{"line":40,"column":31}},"18":{"start":{"line":41,"column":8},"end":{"line":43,"column":19}},"19":{"start":{"line":42,"column":12},"end":{"line":42,"column":30}},"20":{"start":{"line":46,"column":8},"end":{"line":46,"column":26}},"21":{"start":{"line":47,"column":20},"end":{"line":47,"column":50}},"22":{"start":{"line":48,"column":8},"end":{"line":48,"column":26}},"23":{"start":{"line":49,"column":8},"end":{"line":49,"column":21}},"24":{"start":{"line":52,"column":23},"end":{"line":52,"column":53}},"25":{"start":{"line":53,"column":23},"end":{"line":53,"column":33}},"26":{"start":{"line":55,"column":8},"end":{"line":57,"column":9}},"27":{"start":{"line":56,"column":12},"end":{"line":56,"column":29}}},"fnMap":{"0":{"name":"(anonymous_0)","decl":{"start":{"line":4,"column":4},"end":{"line":4,"column":5}},"loc":{"start":{"line":4,"column":28},"end":{"line":11,"column":5}},"line":4},"1":{"name":"(anonymous_1)","decl":{"start":{"line":13,"column":4},"end":{"line":13,"column":5}},"loc":{"start":{"line":13,"column":19},"end":{"line":18,"column":5}},"line":13},"2":{"name":"(anonymous_2)","decl":{"start":{"line":15,"column":27},"end":{"line":15,"column":28}},"loc":{"start":{"line":15,"column":40},"end":{"line":17,"column":9}},"line":15},"3":{"name":"(anonymous_3)","decl":{"start":{"line":20,"column":4},"end":{"line":20,"column":5}},"loc":{"start":{"line":20,"column":9},"end":{"line":25,"column":5}},"line":20},"4":{"name":"(anonymous_4)","decl":{"start":{"line":27,"column":4},"end":{"line":27,"column":5}},"loc":{"start":{"line":27,"column":12},"end":{"line":34,"column":5}},"line":27},"5":{"name":"(anonymous_5)","decl":{"start":{"line":39,"column":4},"end":{"line":39,"column":5}},"loc":{"start":{"line":39,"column":19},"end":{"line":44,"column":5}},"line":39},"6":{"name":"(anonymous_6)","decl":{"start":{"line":41,"column":27},"end":{"line":41,"column":28}},"loc":{"start":{"line":41,"column":40},"end":{"line":43,"column":9}},"line":41},"7":{"name":"(anonymous_7)","decl":{"start":{"line":45,"column":4},"end":{"line":45,"column":5}},"loc":{"start":{"line":45,"column":9},"end":{"line":50,"column":5}},"line":45},"8":{"name":"(anonymous_8)","decl":{"start":{"line":51,"column":4},"end":{"line":51,"column":5}},"loc":{"start":{"line":51,"column":12},"end":{"line":58,"column":5}},"line":51}},"branchMap":{"0":{"loc":{"start":{"line":31,"column":8},"end":{"line":33,"column":9}},"type":"if","locations":[{"start":{"line":31,"column":8},"end":{"line":33,"column":9}},{"start":{},"end":{}}],"line":31},"1":{"loc":{"start":{"line":55,"column":8},"end":{"line":57,"column":9}},"type":"if","locations":[{"start":{"line":55,"column":8},"end":{"line":57,"column":9}},{"start":{},"end":{}}],"line":55}},"s":{"0":4,"1":1,"2":1,"3":1,"4":1,"5":1,"6":0,"7":0,"8":1,"9":1,"10":0,"11":0,"12":0,"13":0,"14":0,"15":0,"16":4,"17":0,"18":0,"19":0,"20":1,"21":1,"22":0,"23":0,"24":1,"25":0,"26":0,"27":0},"f":{"0":1,"1":1,"2":0,"3":1,"4":0,"5":0,"6":0,"7":1,"8":1},"b":{"0":[0,0],"1":[0,0]},"_coverageSchema":"1a1c01bbd47fc00a2c39e90264f33305004495a9","hash":"c1996817cd3eb69f4f38d9b9f60ec069017e1356"}
}
