{"D:\\NeiJuan\\Grade two\\second\\summer\\MVVMForBaidu\\MVVM.js": {"path":"D:\\NeiJuan\\Grade two\\second\\summer\\MVVMForBaidu\\MVVM.js","statementMap":{"0":{"start":{"line":6,"column":8},"end":{"line":6,"column":30}},"1":{"start":{"line":7,"column":8},"end":{"line":7,"column":34}},"2":{"start":{"line":10,"column":8},"end":{"line":17,"column":9}},"3":{"start":{"line":12,"column":12},"end":{"line":12,"column":37}},"4":{"start":{"line":14,"column":12},"end":{"line":14,"column":38}},"5":{"start":{"line":16,"column":12},"end":{"line":16,"column":40}},"6":{"start":{"line":21,"column":8},"end":{"line":30,"column":10}},"7":{"start":{"line":22,"column":12},"end":{"line":29,"column":14}},"8":{"start":{"line":24,"column":20},"end":{"line":24,"column":36}},"9":{"start":{"line":27,"column":20},"end":{"line":27,"column":40}},"10":{"start":{"line":36,"column":0},"end":{"line":40,"column":1}},"11":{"start":{"line":37,"column":4},"end":{"line":39,"column":5}}},"fnMap":{"0":{"name":"(anonymous_0)","decl":{"start":{"line":4,"column":4},"end":{"line":4,"column":5}},"loc":{"start":{"line":4,"column":25},"end":{"line":18,"column":5}},"line":4},"1":{"name":"(anonymous_1)","decl":{"start":{"line":20,"column":4},"end":{"line":20,"column":5}},"loc":{"start":{"line":20,"column":19},"end":{"line":31,"column":5}},"line":20},"2":{"name":"(anonymous_2)","decl":{"start":{"line":21,"column":34},"end":{"line":21,"column":35}},"loc":{"start":{"line":21,"column":39},"end":{"line":30,"column":9}},"line":21},"3":{"name":"(anonymous_3)","decl":{"start":{"line":23,"column":16},"end":{"line":23,"column":17}},"loc":{"start":{"line":23,"column":21},"end":{"line":25,"column":17}},"line":23},"4":{"name":"(anonymous_4)","decl":{"start":{"line":26,"column":16},"end":{"line":26,"column":17}},"loc":{"start":{"line":26,"column":29},"end":{"line":28,"column":17}},"line":26}},"branchMap":{"0":{"loc":{"start":{"line":10,"column":8},"end":{"line":17,"column":9}},"type":"if","locations":[{"start":{"line":10,"column":8},"end":{"line":17,"column":9}},{"start":{},"end":{}}],"line":10},"1":{"loc":{"start":{"line":36,"column":0},"end":{"line":40,"column":1}},"type":"if","locations":[{"start":{"line":36,"column":0},"end":{"line":40,"column":1}},{"start":{},"end":{}}],"line":36},"2":{"loc":{"start":{"line":36,"column":3},"end":{"line":36,"column":73}},"type":"binary-expr","locations":[{"start":{"line":36,"column":3},"end":{"line":36,"column":32}},{"start":{"line":36,"column":36},"end":{"line":36,"column":73}}],"line":36}},"s":{"0":1,"1":1,"2":1,"3":1,"4":0,"5":0,"6":0,"7":0,"8":0,"9":0,"10":1,"11":1},"f":{"0":1,"1":0,"2":0,"3":0,"4":0},"b":{"0":[1,0],"1":[1,0],"2":[1,1]},"_coverageSchema":"1a1c01bbd47fc00a2c39e90264f33305004495a9","hash":"1236011a26e15fd7e1b3ef89456ae224dcca90a7"}
}
