TN:
SF:MVVM.js
FN:4,(anonymous_0)
FN:20,(anonymous_1)
FN:21,(anonymous_2)
FN:23,(anonymous_3)
FN:26,(anonymous_4)
FNF:5
FNH:3
FNDA:5,(anonymous_0)
FNDA:5,(anonymous_1)
FNDA:7,(anonymous_2)
FNDA:0,(anonymous_3)
FNDA:0,(anonymous_4)
DA:1,4
DA:2,4
DA:6,5
DA:7,5
DA:10,5
DA:12,5
DA:14,5
DA:16,5
DA:21,5
DA:22,7
DA:24,0
DA:27,0
DA:36,4
DA:37,4
LF:14
LH:12
BRDA:10,0,0,5
BRDA:10,0,1,0
BRDA:36,1,0,4
BRDA:36,1,1,0
BRDA:36,2,0,4
BRDA:36,2,1,4
BRF:6
BRH:4
end_of_record
TN:
SF:compile.js
FN:3,(anonymous_0)
FN:21,(anonymous_1)
FN:25,(anonymous_2)
FN:31,(anonymous_3)
FN:40,(anonymous_4)
FN:43,(anonymous_5)
FN:55,(anonymous_6)
FN:58,(anonymous_7)
FN:71,(anonymous_8)
FN:82,(anonymous_9)
FN:84,(anonymous_10)
FN:88,(anonymous_11)
FN:91,(anonymous_12)
FN:94,(anonymous_13)
FN:95,(anonymous_14)
FN:97,(anonymous_15)
FN:104,(anonymous_16)
FN:107,(anonymous_17)
FN:114,(anonymous_18)
FN:117,(anonymous_19)
FN:121,(anonymous_20)
FN:127,(anonymous_21)
FN:129,(anonymous_22)
FN:136,(anonymous_23)
FN:140,(anonymous_24)
FN:144,(anonymous_25)
FNF:26
FNH:22
FNDA:6,(anonymous_0)
FNDA:7,(anonymous_1)
FNDA:2,(anonymous_2)
FNDA:3,(anonymous_3)
FNDA:3,(anonymous_4)
FNDA:0,(anonymous_5)
FNDA:1,(anonymous_6)
FNDA:1,(anonymous_7)
FNDA:1,(anonymous_8)
FNDA:5,(anonymous_9)
FNDA:9,(anonymous_10)
FNDA:1,(anonymous_11)
FNDA:1,(anonymous_12)
FNDA:1,(anonymous_13)
FNDA:1,(anonymous_14)
FNDA:1,(anonymous_15)
FNDA:1,(anonymous_16)
FNDA:2,(anonymous_17)
FNDA:1,(anonymous_18)
FNDA:0,(anonymous_19)
FNDA:0,(anonymous_20)
FNDA:1,(anonymous_21)
FNDA:0,(anonymous_22)
FNDA:2,(anonymous_23)
FNDA:1,(anonymous_24)
FNDA:1,(anonymous_25)
DA:1,4
DA:4,6
DA:5,6
DA:7,6
DA:10,2
DA:12,2
DA:14,2
DA:22,7
DA:26,2
DA:32,3
DA:34,3
DA:35,0
DA:37,3
DA:42,3
DA:43,3
DA:44,0
DA:46,0
DA:47,0
DA:50,0
DA:57,1
DA:58,1
DA:60,1
DA:61,1
DA:63,1
DA:64,1
DA:66,1
DA:73,1
DA:74,1
DA:75,1
DA:76,0
DA:81,4
DA:83,5
DA:84,5
DA:85,9
DA:89,1
DA:91,1
DA:92,1
DA:94,1
DA:95,1
DA:97,1
DA:98,1
DA:102,1
DA:105,1
DA:107,1
DA:108,2
DA:109,1
DA:111,1
DA:115,1
DA:117,1
DA:119,0
DA:121,1
DA:122,0
DA:123,0
DA:125,1
DA:128,1
DA:129,1
DA:130,0
DA:132,1
DA:137,2
DA:141,1
DA:145,1
DA:150,4
DA:151,4
LF:63
LH:53
BRDA:4,0,0,2
BRDA:4,0,1,4
BRDA:7,1,0,2
BRDA:7,1,1,4
BRDA:44,2,0,0
BRDA:44,2,1,0
BRDA:61,3,0,1
BRDA:61,3,1,0
BRDA:75,4,0,0
BRDA:75,4,1,1
BRDA:97,5,0,1
BRDA:97,5,1,1
BRDA:102,6,0,1
BRDA:102,6,1,1
BRDA:108,7,0,1
BRDA:108,7,1,1
BRDA:119,8,0,0
BRDA:119,8,1,0
BRDA:125,9,0,1
BRDA:125,9,1,1
BRDA:130,10,0,0
BRDA:130,10,1,0
BRDA:132,11,0,1
BRDA:132,11,1,1
BRDA:150,12,0,4
BRDA:150,12,1,0
BRDA:150,13,0,4
BRDA:150,13,1,4
BRF:28
BRH:19
end_of_record
TN:
SF:observer.js
FN:2,(anonymous_0)
FN:5,(anonymous_1)
FN:11,(anonymous_2)
FN:19,(anonymous_3)
FN:25,(anonymous_4)
FN:29,(anonymous_5)
FN:40,(anonymous_6)
FN:46,(anonymous_7)
FN:50,(anonymous_8)
FN:51,(anonymous_9)
FNF:10
FNH:10
FNDA:6,(anonymous_0)
FNDA:18,(anonymous_1)
FNDA:11,(anonymous_2)
FNDA:12,(anonymous_3)
FNDA:42,(anonymous_4)
FNDA:1,(anonymous_5)
FNDA:13,(anonymous_6)
FNDA:12,(anonymous_7)
FNDA:2,(anonymous_8)
FNDA:2,(anonymous_9)
DA:3,6
DA:7,18
DA:8,9
DA:11,9
DA:13,11
DA:14,11
DA:20,12
DA:21,12
DA:22,12
DA:26,42
DA:27,42
DA:30,1
DA:31,1
DA:32,1
DA:42,13
DA:47,12
DA:51,2
DA:54,4
DA:55,4
LF:19
LH:19
BRDA:7,0,0,9
BRDA:7,0,1,9
BRDA:7,1,0,18
BRDA:7,1,1,15
BRDA:26,2,0,42
BRDA:26,2,1,11
BRDA:54,3,0,4
BRDA:54,3,1,0
BRDA:54,4,0,4
BRDA:54,4,1,4
BRF:10
BRH:9
end_of_record
TN:
SF:watcher.js
FN:4,(anonymous_0)
FN:13,(anonymous_1)
FN:15,(anonymous_2)
FN:20,(anonymous_3)
FN:27,(anonymous_4)
FNF:5
FNH:5
FNDA:5,(anonymous_0)
FNDA:10,(anonymous_1)
FNDA:19,(anonymous_2)
FNDA:6,(anonymous_3)
FNDA:3,(anonymous_4)
DA:2,4
DA:5,5
DA:6,5
DA:7,5
DA:10,5
DA:14,10
DA:15,10
DA:16,19
DA:21,6
DA:22,6
DA:23,6
DA:24,6
DA:28,3
DA:29,3
DA:31,3
DA:32,1
DA:36,4
DA:37,4
LF:18
LH:18
BRDA:31,0,0,1
BRDA:31,0,1,2
BRDA:36,1,0,4
BRDA:36,1,1,0
BRDA:36,2,0,4
BRDA:36,2,1,4
BRF:6
BRH:5
end_of_record
