TN:
SF:MVVM.js
FN:4,(anonymous_0)
FN:20,(anonymous_1)
FN:21,(anonymous_2)
FN:23,(anonymous_3)
FN:26,(anonymous_4)
FNF:5
FNH:3
FNDA:1,(anonymous_0)
FNDA:1,(anonymous_1)
FNDA:2,(anonymous_2)
FNDA:0,(anonymous_3)
FNDA:0,(anonymous_4)
DA:1,1
DA:2,1
DA:6,1
DA:7,1
DA:10,1
DA:12,1
DA:14,1
DA:16,1
DA:21,1
DA:22,2
DA:24,0
DA:27,0
DA:36,1
LF:13
LH:11
BRDA:10,0,0,1
BRDA:10,0,1,0
BRF:2
BRH:1
end_of_record
TN:
SF:compile.js
FN:3,(anonymous_0)
FN:21,(anonymous_1)
FN:25,(anonymous_2)
FN:31,(anonymous_3)
FN:40,(anonymous_4)
FN:43,(anonymous_5)
FN:55,(anonymous_6)
FN:58,(anonymous_7)
FN:71,(anonymous_8)
FN:83,(anonymous_9)
FN:85,(anonymous_10)
FN:89,(anonymous_11)
FN:92,(anonymous_12)
FN:95,(anonymous_13)
FN:96,(anonymous_14)
FN:98,(anonymous_15)
FN:105,(anonymous_16)
FN:108,(anonymous_17)
FN:115,(anonymous_18)
FN:118,(anonymous_19)
FN:122,(anonymous_20)
FN:128,(anonymous_21)
FN:130,(anonymous_22)
FN:137,(anonymous_23)
FN:141,(anonymous_24)
FN:145,(anonymous_25)
FN:153,(anonymous_26)
FN:156,(anonymous_27)
FNF:28
FNH:4
FNDA:1,(anonymous_0)
FNDA:1,(anonymous_1)
FNDA:0,(anonymous_2)
FNDA:0,(anonymous_3)
FNDA:0,(anonymous_4)
FNDA:0,(anonymous_5)
FNDA:0,(anonymous_6)
FNDA:0,(anonymous_7)
FNDA:0,(anonymous_8)
FNDA:0,(anonymous_9)
FNDA:0,(anonymous_10)
FNDA:0,(anonymous_11)
FNDA:0,(anonymous_12)
FNDA:0,(anonymous_13)
FNDA:0,(anonymous_14)
FNDA:0,(anonymous_15)
FNDA:0,(anonymous_16)
FNDA:0,(anonymous_17)
FNDA:0,(anonymous_18)
FNDA:0,(anonymous_19)
FNDA:0,(anonymous_20)
FNDA:0,(anonymous_21)
FNDA:0,(anonymous_22)
FNDA:0,(anonymous_23)
FNDA:0,(anonymous_24)
FNDA:0,(anonymous_25)
FNDA:1,(anonymous_26)
FNDA:1,(anonymous_27)
DA:1,2
DA:4,1
DA:5,1
DA:7,1
DA:10,0
DA:12,0
DA:14,0
DA:22,1
DA:26,0
DA:32,0
DA:34,0
DA:35,0
DA:37,0
DA:42,0
DA:43,0
DA:44,0
DA:46,0
DA:47,0
DA:50,0
DA:57,0
DA:58,0
DA:60,0
DA:61,0
DA:63,0
DA:64,0
DA:66,0
DA:73,0
DA:74,0
DA:75,0
DA:76,0
DA:82,2
DA:84,0
DA:85,0
DA:86,0
DA:90,0
DA:92,0
DA:93,0
DA:95,0
DA:96,0
DA:98,0
DA:99,0
DA:103,0
DA:106,0
DA:108,0
DA:109,0
DA:110,0
DA:112,0
DA:116,0
DA:118,0
DA:120,0
DA:122,0
DA:123,0
DA:124,0
DA:126,0
DA:129,0
DA:130,0
DA:131,0
DA:133,0
DA:138,0
DA:142,0
DA:146,0
DA:151,2
DA:154,1
DA:157,1
LF:64
LH:9
BRDA:4,0,0,0
BRDA:4,0,1,1
BRDA:7,1,0,0
BRDA:7,1,1,1
BRDA:44,2,0,0
BRDA:44,2,1,0
BRDA:61,3,0,0
BRDA:61,3,1,0
BRDA:75,4,0,0
BRDA:75,4,1,0
BRDA:98,5,0,0
BRDA:98,5,1,0
BRDA:103,6,0,0
BRDA:103,6,1,0
BRDA:109,7,0,0
BRDA:109,7,1,0
BRDA:120,8,0,0
BRDA:120,8,1,0
BRDA:126,9,0,0
BRDA:126,9,1,0
BRDA:131,10,0,0
BRDA:131,10,1,0
BRDA:133,11,0,0
BRDA:133,11,1,0
BRF:24
BRH:2
end_of_record
TN:
SF:observer.js
FN:2,(anonymous_0)
FN:5,(anonymous_1)
FN:11,(anonymous_2)
FN:19,(anonymous_3)
FN:25,(anonymous_4)
FN:29,(anonymous_5)
FN:39,(anonymous_6)
FN:45,(anonymous_7)
FN:49,(anonymous_8)
FN:50,(anonymous_9)
FN:57,(anonymous_10)
FN:60,(anonymous_11)
FN:61,(anonymous_12)
FNF:13
FNH:6
FNDA:1,(anonymous_0)
FNDA:3,(anonymous_1)
FNDA:2,(anonymous_2)
FNDA:2,(anonymous_3)
FNDA:2,(anonymous_4)
FNDA:0,(anonymous_5)
FNDA:2,(anonymous_6)
FNDA:0,(anonymous_7)
FNDA:0,(anonymous_8)
FNDA:0,(anonymous_9)
FNDA:0,(anonymous_10)
FNDA:0,(anonymous_11)
FNDA:0,(anonymous_12)
DA:3,1
DA:7,3
DA:8,2
DA:11,1
DA:13,2
DA:14,2
DA:20,2
DA:21,2
DA:22,2
DA:26,2
DA:27,2
DA:30,0
DA:31,0
DA:32,0
DA:41,2
DA:46,0
DA:50,0
DA:54,4
DA:58,0
DA:61,0
LF:20
LH:13
BRDA:7,0,0,2
BRDA:7,0,1,1
BRDA:7,1,0,3
BRDA:7,1,1,1
BRDA:26,2,0,2
BRDA:26,2,1,0
BRF:6
BRH:5
end_of_record
TN:
SF:watcher.js
FN:4,(anonymous_0)
FN:13,(anonymous_1)
FN:15,(anonymous_2)
FN:20,(anonymous_3)
FN:27,(anonymous_4)
FN:39,(anonymous_5)
FN:41,(anonymous_6)
FN:45,(anonymous_7)
FN:51,(anonymous_8)
FNF:9
FNH:5
FNDA:1,(anonymous_0)
FNDA:1,(anonymous_1)
FNDA:0,(anonymous_2)
FNDA:1,(anonymous_3)
FNDA:0,(anonymous_4)
FNDA:0,(anonymous_5)
FNDA:0,(anonymous_6)
FNDA:1,(anonymous_7)
FNDA:1,(anonymous_8)
DA:2,4
DA:5,1
DA:6,1
DA:7,1
DA:10,1
DA:14,1
DA:15,0
DA:16,0
DA:21,1
DA:22,1
DA:23,0
DA:24,0
DA:28,0
DA:29,0
DA:31,0
DA:32,0
DA:37,4
DA:40,0
DA:41,0
DA:42,0
DA:46,1
DA:47,1
DA:48,0
DA:49,0
DA:52,1
DA:53,0
DA:55,0
DA:56,0
LF:28
LH:12
BRDA:31,0,0,0
BRDA:31,0,1,0
BRDA:55,1,0,0
BRDA:55,1,1,0
BRF:4
BRH:0
end_of_record
